<?xml version="1.0" encoding="UTF-8"?>
<testng-results ignored="0" total="1" passed="1" failed="0" skipped="0">
  <reporter-output>
  </reporter-output>
  <suite started-at="2023-09-13T18:19:50 IST" name="Default suite" finished-at="2023-09-13T18:20:25 IST" duration-ms="35165">
    <groups>
    </groups>
    <test started-at="2023-09-13T18:19:50 IST" name="Default test" finished-at="2023-09-13T18:20:25 IST" duration-ms="35165">
      <class name="pages.startAppium">
        <test-method signature="AppiumTest()[pri:0, instance:pages.startAppium@6253c26]" started-at="2023-09-13T18:19:50 IST" name="AppiumTest" finished-at="2023-09-13T18:20:25 IST" duration-ms="35051" status="PASS">
          <reporter-output>
          </reporter-output>
        </test-method> <!-- AppiumTest -->
      </class> <!-- pages.startAppium -->
    </test> <!-- Default test -->
  </suite> <!-- Default suite -->
</testng-results>
